Analysis & Synthesis report for add_32_bit
Sun May 29 23:29:10 2022
Quartus II 64-Bit Version 13.0.1 Build 232 06/12/2013 Service Pack 1 SJ Web Edition


---------------------
; Table of Contents ;
---------------------
  1. Legal Notice
  2. Analysis & Synthesis Summary
  3. Analysis & Synthesis Settings
  4. Parallel Compilation
  5. Analysis & Synthesis Source Files Read
  6. Analysis & Synthesis Resource Usage Summary
  7. Analysis & Synthesis Resource Utilization by Entity
  8. General Register Statistics
  9. Parameter Settings for User Entity Instance: Top-level Entity: |add_32_bit
 10. Port Connectivity Checks: "full_adder:generate_N_bit_Adder[31].f"
 11. Elapsed Time Per Partition
 12. Analysis & Synthesis Messages



----------------
; Legal Notice ;
----------------
Copyright (C) 1991-2013 Altera Corporation
Your use of Altera Corporation's design tools, logic functions 
and other software and tools, and its AMPP partner logic 
functions, and any output files from any of the foregoing 
(including device programming or simulation files), and any 
associated documentation or information are expressly subject 
to the terms and conditions of the Altera Program License 
Subscription Agreement, Altera MegaCore Function License 
Agreement, or other applicable license agreement, including, 
without limitation, that your use is for the sole purpose of 
programming logic devices manufactured by Altera and sold by 
Altera or its authorized distributors.  Please refer to the 
applicable agreement for further details.



+--------------------------------------------------------------------------------------+
; Analysis & Synthesis Summary                                                         ;
+------------------------------------+-------------------------------------------------+
; Analysis & Synthesis Status        ; Successful - Sun May 29 23:29:10 2022           ;
; Quartus II 64-Bit Version          ; 13.0.1 Build 232 06/12/2013 SP 1 SJ Web Edition ;
; Revision Name                      ; add_32_bit                                      ;
; Top-level Entity Name              ; add_32_bit                                      ;
; Family                             ; Cyclone II                                      ;
; Total logic elements               ; 76                                              ;
;     Total combinational functions  ; 76                                              ;
;     Dedicated logic registers      ; 0                                               ;
; Total registers                    ; 0                                               ;
; Total pins                         ; 96                                              ;
; Total virtual pins                 ; 0                                               ;
; Total memory bits                  ; 0                                               ;
; Embedded Multiplier 9-bit elements ; 0                                               ;
; Total PLLs                         ; 0                                               ;
+------------------------------------+-------------------------------------------------+


+----------------------------------------------------------------------------------------------------------------------+
; Analysis & Synthesis Settings                                                                                        ;
+----------------------------------------------------------------------------+--------------------+--------------------+
; Option                                                                     ; Setting            ; Default Value      ;
+----------------------------------------------------------------------------+--------------------+--------------------+
; Device                                                                     ; EP2C35F672C6       ;                    ;
; Top-level entity name                                                      ; add_32_bit         ; add_32_bit         ;
; Family name                                                                ; Cyclone II         ; Cyclone IV GX      ;
; Use smart compilation                                                      ; Off                ; Off                ;
; Enable parallel Assembler and TimeQuest Timing Analyzer during compilation ; On                 ; On                 ;
; Enable compact report table                                                ; Off                ; Off                ;
; Restructure Multiplexers                                                   ; Auto               ; Auto               ;
; Create Debugging Nodes for IP Cores                                        ; Off                ; Off                ;
; Preserve fewer node names                                                  ; On                 ; On                 ;
; Disable OpenCore Plus hardware evaluation                                  ; Off                ; Off                ;
; Verilog Version                                                            ; Verilog_2001       ; Verilog_2001       ;
; VHDL Version                                                               ; VHDL_1993          ; VHDL_1993          ;
; State Machine Processing                                                   ; Auto               ; Auto               ;
; Safe State Machine                                                         ; Off                ; Off                ;
; Extract Verilog State Machines                                             ; On                 ; On                 ;
; Extract VHDL State Machines                                                ; On                 ; On                 ;
; Ignore Verilog initial constructs                                          ; Off                ; Off                ;
; Iteration limit for constant Verilog loops                                 ; 5000               ; 5000               ;
; Iteration limit for non-constant Verilog loops                             ; 250                ; 250                ;
; Add Pass-Through Logic to Inferred RAMs                                    ; On                 ; On                 ;
; Infer RAMs from Raw Logic                                                  ; On                 ; On                 ;
; Parallel Synthesis                                                         ; On                 ; On                 ;
; DSP Block Balancing                                                        ; Auto               ; Auto               ;
; NOT Gate Push-Back                                                         ; On                 ; On                 ;
; Power-Up Don't Care                                                        ; On                 ; On                 ;
; Remove Redundant Logic Cells                                               ; Off                ; Off                ;
; Remove Duplicate Registers                                                 ; On                 ; On                 ;
; Ignore CARRY Buffers                                                       ; Off                ; Off                ;
; Ignore CASCADE Buffers                                                     ; Off                ; Off                ;
; Ignore GLOBAL Buffers                                                      ; Off                ; Off                ;
; Ignore ROW GLOBAL Buffers                                                  ; Off                ; Off                ;
; Ignore LCELL Buffers                                                       ; Off                ; Off                ;
; Ignore SOFT Buffers                                                        ; On                 ; On                 ;
; Limit AHDL Integers to 32 Bits                                             ; Off                ; Off                ;
; Optimization Technique                                                     ; Balanced           ; Balanced           ;
; Carry Chain Length                                                         ; 70                 ; 70                 ;
; Auto Carry Chains                                                          ; On                 ; On                 ;
; Auto Open-Drain Pins                                                       ; On                 ; On                 ;
; Perform WYSIWYG Primitive Resynthesis                                      ; Off                ; Off                ;
; Auto ROM Replacement                                                       ; On                 ; On                 ;
; Auto RAM Replacement                                                       ; On                 ; On                 ;
; Auto Shift Register Replacement                                            ; Auto               ; Auto               ;
; Allow Shift Register Merging across Hierarchies                            ; Auto               ; Auto               ;
; Auto Clock Enable Replacement                                              ; On                 ; On                 ;
; Strict RAM Replacement                                                     ; Off                ; Off                ;
; Allow Synchronous Control Signals                                          ; On                 ; On                 ;
; Force Use of Synchronous Clear Signals                                     ; Off                ; Off                ;
; Auto RAM to Logic Cell Conversion                                          ; Off                ; Off                ;
; Auto Resource Sharing                                                      ; Off                ; Off                ;
; Allow Any RAM Size For Recognition                                         ; Off                ; Off                ;
; Allow Any ROM Size For Recognition                                         ; Off                ; Off                ;
; Allow Any Shift Register Size For Recognition                              ; Off                ; Off                ;
; Use LogicLock Constraints during Resource Balancing                        ; On                 ; On                 ;
; Ignore translate_off and synthesis_off directives                          ; Off                ; Off                ;
; Timing-Driven Synthesis                                                    ; Off                ; Off                ;
; Report Parameter Settings                                                  ; On                 ; On                 ;
; Report Source Assignments                                                  ; On                 ; On                 ;
; Report Connectivity Checks                                                 ; On                 ; On                 ;
; Ignore Maximum Fan-Out Assignments                                         ; Off                ; Off                ;
; Synchronization Register Chain Length                                      ; 2                  ; 2                  ;
; PowerPlay Power Optimization                                               ; Normal compilation ; Normal compilation ;
; HDL message level                                                          ; Level2             ; Level2             ;
; Suppress Register Optimization Related Messages                            ; Off                ; Off                ;
; Number of Removed Registers Reported in Synthesis Report                   ; 5000               ; 5000               ;
; Number of Swept Nodes Reported in Synthesis Report                         ; 5000               ; 5000               ;
; Number of Inverted Registers Reported in Synthesis Report                  ; 100                ; 100                ;
; Clock MUX Protection                                                       ; On                 ; On                 ;
; Auto Gated Clock Conversion                                                ; Off                ; Off                ;
; Block Design Naming                                                        ; Auto               ; Auto               ;
; SDC constraint protection                                                  ; Off                ; Off                ;
; Synthesis Effort                                                           ; Auto               ; Auto               ;
; Shift Register Replacement - Allow Asynchronous Clear Signal               ; On                 ; On                 ;
; Pre-Mapping Resynthesis Optimization                                       ; Off                ; Off                ;
; Analysis & Synthesis Message Level                                         ; Medium             ; Medium             ;
; Disable Register Merging Across Hierarchies                                ; Auto               ; Auto               ;
; Resource Aware Inference For Block RAM                                     ; On                 ; On                 ;
; Synthesis Seed                                                             ; 1                  ; 1                  ;
+----------------------------------------------------------------------------+--------------------+--------------------+


+------------------------------------------+
; Parallel Compilation                     ;
+----------------------------+-------------+
; Processors                 ; Number      ;
+----------------------------+-------------+
; Number detected on machine ; 8           ;
; Maximum allowed            ; 4           ;
;                            ;             ;
; Average used               ; 1.00        ;
; Maximum used               ; 1           ;
;                            ;             ;
; Usage by Processor         ; % Time Used ;
;     Processor 1            ; 100.0%      ;
;     Processors 2-8         ;   0.0%      ;
+----------------------------+-------------+


+-------------------------------------------------------------------------------------------------------------------------------+
; Analysis & Synthesis Source Files Read                                                                                        ;
+----------------------------------+-----------------+------------------------+---------------------------------------+---------+
; File Name with User-Entered Path ; Used in Netlist ; File Type              ; File Name with Absolute Path          ; Library ;
+----------------------------------+-----------------+------------------------+---------------------------------------+---------+
; add_32_bit.v                     ; yes             ; User Verilog HDL File  ; C:/altera/verilog_220412/add_32_bit.v ;         ;
+----------------------------------+-----------------+------------------------+---------------------------------------+---------+


+--------------------------------------------------------------------------------------------+
; Analysis & Synthesis Resource Usage Summary                                                ;
+---------------------------------------------+----------------------------------------------+
; Resource                                    ; Usage                                        ;
+---------------------------------------------+----------------------------------------------+
; Estimated Total logic elements              ; 76                                           ;
;                                             ;                                              ;
; Total combinational functions               ; 76                                           ;
; Logic element usage by number of LUT inputs ;                                              ;
;     -- 4 input functions                    ; 27                                           ;
;     -- 3 input functions                    ; 29                                           ;
;     -- <=2 input functions                  ; 20                                           ;
;                                             ;                                              ;
; Logic elements by mode                      ;                                              ;
;     -- normal mode                          ; 76                                           ;
;     -- arithmetic mode                      ; 0                                            ;
;                                             ;                                              ;
; Total registers                             ; 0                                            ;
;     -- Dedicated logic registers            ; 0                                            ;
;     -- I/O registers                        ; 0                                            ;
;                                             ;                                              ;
; I/O pins                                    ; 96                                           ;
; Embedded Multiplier 9-bit elements          ; 0                                            ;
; Maximum fan-out node                        ; full_adder:generate_N_bit_Adder[3].f|c_out~0 ;
; Maximum fan-out                             ; 3                                            ;
; Total fan-out                               ; 267                                          ;
; Average fan-out                             ; 1.55                                         ;
+---------------------------------------------+----------------------------------------------+


+---------------------------------------------------------------------------------------------------------------------------------------------------------------------------------------------------------------------------+
; Analysis & Synthesis Resource Utilization by Entity                                                                                                                                                                       ;
+--------------------------------------------+-------------------+--------------+-------------+--------------+---------+-----------+------+--------------+---------------------------------------------------+--------------+
; Compilation Hierarchy Node                 ; LC Combinationals ; LC Registers ; Memory Bits ; DSP Elements ; DSP 9x9 ; DSP 18x18 ; Pins ; Virtual Pins ; Full Hierarchy Name                               ; Library Name ;
+--------------------------------------------+-------------------+--------------+-------------+--------------+---------+-----------+------+--------------+---------------------------------------------------+--------------+
; |add_32_bit                                ; 76 (0)            ; 0 (0)        ; 0           ; 0            ; 0       ; 0         ; 96   ; 0            ; |add_32_bit                                       ; work         ;
;    |full_adder:generate_N_bit_Adder[10].f| ; 5 (5)             ; 0 (0)        ; 0           ; 0            ; 0       ; 0         ; 0    ; 0            ; |add_32_bit|full_adder:generate_N_bit_Adder[10].f ; work         ;
;    |full_adder:generate_N_bit_Adder[11].f| ; 2 (2)             ; 0 (0)        ; 0           ; 0            ; 0       ; 0         ; 0    ; 0            ; |add_32_bit|full_adder:generate_N_bit_Adder[11].f ; work         ;
;    |full_adder:generate_N_bit_Adder[12].f| ; 1 (1)             ; 0 (0)        ; 0           ; 0            ; 0       ; 0         ; 0    ; 0            ; |add_32_bit|full_adder:generate_N_bit_Adder[12].f ; work         ;
;    |full_adder:generate_N_bit_Adder[13].f| ; 5 (5)             ; 0 (0)        ; 0           ; 0            ; 0       ; 0         ; 0    ; 0            ; |add_32_bit|full_adder:generate_N_bit_Adder[13].f ; work         ;
;    |full_adder:generate_N_bit_Adder[14].f| ; 2 (2)             ; 0 (0)        ; 0           ; 0            ; 0       ; 0         ; 0    ; 0            ; |add_32_bit|full_adder:generate_N_bit_Adder[14].f ; work         ;
;    |full_adder:generate_N_bit_Adder[15].f| ; 2 (2)             ; 0 (0)        ; 0           ; 0            ; 0       ; 0         ; 0    ; 0            ; |add_32_bit|full_adder:generate_N_bit_Adder[15].f ; work         ;
;    |full_adder:generate_N_bit_Adder[16].f| ; 2 (2)             ; 0 (0)        ; 0           ; 0            ; 0       ; 0         ; 0    ; 0            ; |add_32_bit|full_adder:generate_N_bit_Adder[16].f ; work         ;
;    |full_adder:generate_N_bit_Adder[17].f| ; 2 (2)             ; 0 (0)        ; 0           ; 0            ; 0       ; 0         ; 0    ; 0            ; |add_32_bit|full_adder:generate_N_bit_Adder[17].f ; work         ;
;    |full_adder:generate_N_bit_Adder[18].f| ; 1 (1)             ; 0 (0)        ; 0           ; 0            ; 0       ; 0         ; 0    ; 0            ; |add_32_bit|full_adder:generate_N_bit_Adder[18].f ; work         ;
;    |full_adder:generate_N_bit_Adder[19].f| ; 5 (5)             ; 0 (0)        ; 0           ; 0            ; 0       ; 0         ; 0    ; 0            ; |add_32_bit|full_adder:generate_N_bit_Adder[19].f ; work         ;
;    |full_adder:generate_N_bit_Adder[1].f|  ; 2 (2)             ; 0 (0)        ; 0           ; 0            ; 0       ; 0         ; 0    ; 0            ; |add_32_bit|full_adder:generate_N_bit_Adder[1].f  ; work         ;
;    |full_adder:generate_N_bit_Adder[20].f| ; 2 (2)             ; 0 (0)        ; 0           ; 0            ; 0       ; 0         ; 0    ; 0            ; |add_32_bit|full_adder:generate_N_bit_Adder[20].f ; work         ;
;    |full_adder:generate_N_bit_Adder[21].f| ; 2 (2)             ; 0 (0)        ; 0           ; 0            ; 0       ; 0         ; 0    ; 0            ; |add_32_bit|full_adder:generate_N_bit_Adder[21].f ; work         ;
;    |full_adder:generate_N_bit_Adder[22].f| ; 2 (2)             ; 0 (0)        ; 0           ; 0            ; 0       ; 0         ; 0    ; 0            ; |add_32_bit|full_adder:generate_N_bit_Adder[22].f ; work         ;
;    |full_adder:generate_N_bit_Adder[23].f| ; 1 (1)             ; 0 (0)        ; 0           ; 0            ; 0       ; 0         ; 0    ; 0            ; |add_32_bit|full_adder:generate_N_bit_Adder[23].f ; work         ;
;    |full_adder:generate_N_bit_Adder[24].f| ; 5 (5)             ; 0 (0)        ; 0           ; 0            ; 0       ; 0         ; 0    ; 0            ; |add_32_bit|full_adder:generate_N_bit_Adder[24].f ; work         ;
;    |full_adder:generate_N_bit_Adder[25].f| ; 2 (2)             ; 0 (0)        ; 0           ; 0            ; 0       ; 0         ; 0    ; 0            ; |add_32_bit|full_adder:generate_N_bit_Adder[25].f ; work         ;
;    |full_adder:generate_N_bit_Adder[26].f| ; 1 (1)             ; 0 (0)        ; 0           ; 0            ; 0       ; 0         ; 0    ; 0            ; |add_32_bit|full_adder:generate_N_bit_Adder[26].f ; work         ;
;    |full_adder:generate_N_bit_Adder[27].f| ; 5 (5)             ; 0 (0)        ; 0           ; 0            ; 0       ; 0         ; 0    ; 0            ; |add_32_bit|full_adder:generate_N_bit_Adder[27].f ; work         ;
;    |full_adder:generate_N_bit_Adder[28].f| ; 2 (2)             ; 0 (0)        ; 0           ; 0            ; 0       ; 0         ; 0    ; 0            ; |add_32_bit|full_adder:generate_N_bit_Adder[28].f ; work         ;
;    |full_adder:generate_N_bit_Adder[29].f| ; 2 (2)             ; 0 (0)        ; 0           ; 0            ; 0       ; 0         ; 0    ; 0            ; |add_32_bit|full_adder:generate_N_bit_Adder[29].f ; work         ;
;    |full_adder:generate_N_bit_Adder[2].f|  ; 2 (2)             ; 0 (0)        ; 0           ; 0            ; 0       ; 0         ; 0    ; 0            ; |add_32_bit|full_adder:generate_N_bit_Adder[2].f  ; work         ;
;    |full_adder:generate_N_bit_Adder[30].f| ; 2 (2)             ; 0 (0)        ; 0           ; 0            ; 0       ; 0         ; 0    ; 0            ; |add_32_bit|full_adder:generate_N_bit_Adder[30].f ; work         ;
;    |full_adder:generate_N_bit_Adder[31].f| ; 2 (2)             ; 0 (0)        ; 0           ; 0            ; 0       ; 0         ; 0    ; 0            ; |add_32_bit|full_adder:generate_N_bit_Adder[31].f ; work         ;
;    |full_adder:generate_N_bit_Adder[3].f|  ; 2 (2)             ; 0 (0)        ; 0           ; 0            ; 0       ; 0         ; 0    ; 0            ; |add_32_bit|full_adder:generate_N_bit_Adder[3].f  ; work         ;
;    |full_adder:generate_N_bit_Adder[4].f|  ; 2 (2)             ; 0 (0)        ; 0           ; 0            ; 0       ; 0         ; 0    ; 0            ; |add_32_bit|full_adder:generate_N_bit_Adder[4].f  ; work         ;
;    |full_adder:generate_N_bit_Adder[5].f|  ; 1 (1)             ; 0 (0)        ; 0           ; 0            ; 0       ; 0         ; 0    ; 0            ; |add_32_bit|full_adder:generate_N_bit_Adder[5].f  ; work         ;
;    |full_adder:generate_N_bit_Adder[6].f|  ; 6 (6)             ; 0 (0)        ; 0           ; 0            ; 0       ; 0         ; 0    ; 0            ; |add_32_bit|full_adder:generate_N_bit_Adder[6].f  ; work         ;
;    |full_adder:generate_N_bit_Adder[7].f|  ; 2 (2)             ; 0 (0)        ; 0           ; 0            ; 0       ; 0         ; 0    ; 0            ; |add_32_bit|full_adder:generate_N_bit_Adder[7].f  ; work         ;
;    |full_adder:generate_N_bit_Adder[8].f|  ; 2 (2)             ; 0 (0)        ; 0           ; 0            ; 0       ; 0         ; 0    ; 0            ; |add_32_bit|full_adder:generate_N_bit_Adder[8].f  ; work         ;
;    |full_adder:generate_N_bit_Adder[9].f|  ; 1 (1)             ; 0 (0)        ; 0           ; 0            ; 0       ; 0         ; 0    ; 0            ; |add_32_bit|full_adder:generate_N_bit_Adder[9].f  ; work         ;
;    |half_adder:generate_N_bit_Adder[0].f|  ; 1 (1)             ; 0 (0)        ; 0           ; 0            ; 0       ; 0         ; 0    ; 0            ; |add_32_bit|half_adder:generate_N_bit_Adder[0].f  ; work         ;
+--------------------------------------------+-------------------+--------------+-------------+--------------+---------+-----------+------+--------------+---------------------------------------------------+--------------+
Note: For table entries with two numbers listed, the numbers in parentheses indicate the number of resources of the given type used by the specific entity alone. The numbers listed outside of parentheses indicate the total resources of the given type used by the specific entity and all of its sub-entities in the hierarchy.


+------------------------------------------------------+
; General Register Statistics                          ;
+----------------------------------------------+-------+
; Statistic                                    ; Value ;
+----------------------------------------------+-------+
; Total registers                              ; 0     ;
; Number of registers using Synchronous Clear  ; 0     ;
; Number of registers using Synchronous Load   ; 0     ;
; Number of registers using Asynchronous Clear ; 0     ;
; Number of registers using Asynchronous Load  ; 0     ;
; Number of registers using Clock Enable       ; 0     ;
; Number of registers using Preset             ; 0     ;
+----------------------------------------------+-------+


+----------------------------------------------------------------------------+
; Parameter Settings for User Entity Instance: Top-level Entity: |add_32_bit ;
+----------------+-------+---------------------------------------------------+
; Parameter Name ; Value ; Type                                              ;
+----------------+-------+---------------------------------------------------+
; N              ; 32    ; Signed Integer                                    ;
+----------------+-------+---------------------------------------------------+
Note: In order to hide this table in the UI and the text report file, please set the "Show Parameter Settings in Synthesis Report" option in "Analysis and Synthesis Settings -> More Settings" to "Off".


+-----------------------------------------------------------------------------------------------------------------+
; Port Connectivity Checks: "full_adder:generate_N_bit_Adder[31].f"                                               ;
+-------+--------+----------+-------------------------------------------------------------------------------------+
; Port  ; Type   ; Severity ; Details                                                                             ;
+-------+--------+----------+-------------------------------------------------------------------------------------+
; c_out ; Output ; Info     ; Connected to dangling logic. Logic that only feeds a dangling port will be removed. ;
+-------+--------+----------+-------------------------------------------------------------------------------------+


+-------------------------------+
; Elapsed Time Per Partition    ;
+----------------+--------------+
; Partition Name ; Elapsed Time ;
+----------------+--------------+
; Top            ; 00:00:00     ;
+----------------+--------------+


+-------------------------------+
; Analysis & Synthesis Messages ;
+-------------------------------+
Info: *******************************************************************
Info: Running Quartus II 64-Bit Analysis & Synthesis
    Info: Version 13.0.1 Build 232 06/12/2013 Service Pack 1 SJ Web Edition
    Info: Processing started: Sun May 29 23:29:09 2022
Info: Command: quartus_map --read_settings_files=on --write_settings_files=off add_32_bit -c add_32_bit
Info (11104): Parallel Compilation has detected 8 hyper-threaded processors. However, the extra hyper-threaded processors will not be used by default. Parallel Compilation will use 4 of the 4 physical processors detected instead.
Info (12021): Found 16 design units, including 16 entities, in source file add_32_bit.v
    Info (12023): Found entity 1: ha
    Info (12023): Found entity 2: vedic_2x2
    Info (12023): Found entity 3: add_N_bit
    Info (12023): Found entity 4: half_adder
    Info (12023): Found entity 5: full_adder
    Info (12023): Found entity 6: add_4_bit
    Info (12023): Found entity 7: add_6_bit
    Info (12023): Found entity 8: vedic_4x4
    Info (12023): Found entity 9: add_8_bit
    Info (12023): Found entity 10: add_12_bit
    Info (12023): Found entity 11: vedic_8x8
    Info (12023): Found entity 12: add_16_bit
    Info (12023): Found entity 13: add_24_bit
    Info (12023): Found entity 14: vedic_16x16
    Info (12023): Found entity 15: add_32_bit
    Info (12023): Found entity 16: add_48_bit
Info (12127): Elaborating entity "add_32_bit" for the top level hierarchy
Warning (10036): Verilog HDL or VHDL warning at add_32_bit.v(306): object "carry_out" assigned a value but never read
Info (12128): Elaborating entity "half_adder" for hierarchy "half_adder:generate_N_bit_Adder[0].f"
Info (12128): Elaborating entity "full_adder" for hierarchy "full_adder:generate_N_bit_Adder[1].f"
Info (16010): Generating hard_block partition "hard_block:auto_generated_inst"
    Info (16011): Adding 0 node(s), including 0 DDIO, 0 PLL, 0 transceiver and 0 LCELL
Info (21057): Implemented 172 device resources after synthesis - the final resource count might be different
    Info (21058): Implemented 64 input pins
    Info (21059): Implemented 32 output pins
    Info (21061): Implemented 76 logic cells
Info: Quartus II 64-Bit Analysis & Synthesis was successful. 0 errors, 1 warning
    Info: Peak virtual memory: 4607 megabytes
    Info: Processing ended: Sun May 29 23:29:10 2022
    Info: Elapsed time: 00:00:01
    Info: Total CPU time (on all processors): 00:00:01


